<?xml version="1.0" encoding="UTF-8"?>
<!-- Generated by org.testng.reporters.JUnitReportReporter -->
<testsuite hostname="Shazias-MacBook-Pro.local" failures="0" tests="1" name="day18.FirsTestTN" time="1.636" errors="0" timestamp="2023-09-29T12:32:47 PKT" skipped="0">
  <testcase classname="day18.FirsTestTN" name="login" time="1.636"/>
  <system-out/>
</testsuite> <!-- day18.FirsTestTN -->
